Game #1
Selected Word: chief
User Input #1: ARISE
User Input #2: HAPPY
User Input #3: CLOSE
Invalid User Input #4: CANT
Invalid User Input #4: CLOSE
User Input #4: CHIEF
You guessed the word correctly!!
***** Game Statistics *****
1 Games Played
100.00% Win Rate
Guess Distribution:
1: 0
2: 0
3: 0
4: 1
5: 0
6: 0
Game #2
Selected Word: stays
Invalid User Input #1: SLATE
User Input #1: HAPPY
Invalid User Input #2: STALE
Invalid User Input #2: SLATE
Invalid User Input #2: STAY
User Input #2: STAYS
You guessed the word correctly!!
***** Game Statistics *****
2 Games Played
100.00% Win Rate
Guess Distribution:
1: 0
2: 1
3: 0
4: 1
5: 0
6: 0
Game #3
Selected Word: boxed
User Input #1: ARISE
User Input #2: HAPPY
User Input #3: BOOKS
Invalid User Input #4: CLOWN
User Input #4: ABOVE
User Input #5: ABOUT
Invalid User Input #6: ACCENT
User Input #6: ADULT
Better luck next time!
***** Game Statistics *****
3 Games Played
66.67% Win Rate
Guess Distribution:
1: 0
2: 1
3: 0
4: 1
5: 0
6: 0
Game #4
Selected Word: units
User Exited the game
